<?xml version="1.0" encoding="UTF-8"?>
<testng-results skipped="0" failed="0" total="1" passed="1">
  <reporter-output>
  </reporter-output>
  <suite name="Default suite" duration-ms="94041" started-at="2019-12-16T10:50:33Z" finished-at="2019-12-16T10:52:07Z">
    <groups>
    </groups>
    <test name="Default test" duration-ms="94041" started-at="2019-12-16T10:50:33Z" finished-at="2019-12-16T10:52:07Z">
      <class name="NoticeOrderReport.TC_17">
        <test-method status="PASS" signature="tc_17()[pri:0, instance:NoticeOrderReport.TC_17@3e6fa38a]" name="tc_17" duration-ms="93853" started-at="2019-12-16T16:20:33Z" finished-at="2019-12-16T16:22:07Z">
          <reporter-output>
          </reporter-output>
        </test-method> <!-- tc_17 -->
      </class> <!-- NoticeOrderReport.TC_17 -->
    </test> <!-- Default test -->
  </suite> <!-- Default suite -->
</testng-results>
